<?xml version="1.0" encoding="UTF-8"?>
<!-- Generated by org.testng.reporters.JUnitXMLReporter -->
<testsuite ignored="0" hostname="asalunkhe-lap-0292" failures="0" tests="7" name="Command line test" time="24.733" errors="0" timestamp="2022-07-20T14:22:56 IST">
  <testcase classname="org.example.TestClass" name="TripSel" time="0.141"/>
  <testcase classname="org.example.TestClass" name="CityLoc" time="5.366"/>
  <testcase classname="org.example.TestClass" name="SetDepDate" time="2.285"/>
  <testcase classname="org.example.TestClass" name="SetRetDate" time="2.321"/>
  <testcase classname="org.example.TestClass" name="CalDoneBtn" time="0.354"/>
  <testcase classname="org.example.TestClass" name="SelTravelClass" time="0.323"/>
  <testcase classname="org.example.TestClass" name="SearchFlightsBtn" time="3.669"/>
</testsuite> <!-- Command line test -->
